<?xml version="1.0" encoding="UTF-8"?>
<testng-results ignored="0" total="1" passed="1" failed="0" skipped="0">
  <reporter-output>
  </reporter-output>
  <suite started-at="2019-01-08T01:38:16Z" name="Amazon Automation Script " finished-at="2019-01-08T01:38:32Z" duration-ms="15942">
    <groups>
    </groups>
    <test started-at="2019-01-08T01:38:16Z" name="Amazon Home" finished-at="2019-01-08T01:38:32Z" duration-ms="15942">
      <class name="TestHome">
        <test-method is-config="true" signature="setUP(java.lang.String)[pri:0, instance:TestHome@54d9d12d]" started-at="2019-01-08T01:38:16Z" name="setUP" finished-at="2019-01-08T01:38:22Z" duration-ms="5279" status="PASS">
          <params>
            <param index="0">
              <value>
                <![CDATA[https://www.amazon.com]]>
              </value>
            </param>
          </params>
          <reporter-output>
          </reporter-output>
        </test-method> <!-- setUP -->
        <test-method signature="test1()[pri:0, instance:TestHome@54d9d12d]" started-at="2019-01-08T01:38:22Z" name="test1" finished-at="2019-01-08T01:38:30Z" duration-ms="8329" status="PASS">
          <reporter-output>
          </reporter-output>
        </test-method> <!-- test1 -->
        <test-method is-config="true" signature="cleanUP()[pri:0, instance:TestHome@54d9d12d]" started-at="2019-01-08T01:38:30Z" name="cleanUP" finished-at="2019-01-08T01:38:32Z" duration-ms="2315" status="PASS">
          <reporter-output>
          </reporter-output>
        </test-method> <!-- cleanUP -->
      </class> <!-- TestHome -->
    </test> <!-- Amazon Home -->
  </suite> <!-- Amazon Automation Script  -->
</testng-results>
